
╔══════════════════════════════════════════════════╗
║     TokenSpire2 自动优化系统 v1.0               ║
╠══════════════════════════════════════════════════╣
║  角色:       IRONCLAD                          ║
║  目标胜率:   70%                                 ║
║  最大时间:   12h                                 ║
║  种群大小:   10                                ║
║  每轮局数:   5                                 ║
║  基因数量:   46                                ║
║  params.json: 已找到                             ║
╚══════════════════════════════════════════════════╝
    
[16:14:23] ✅ Pre-flight checks passed.
[16:14:23]    DLL: E:\SteamLibrary\steamapps\common\Slay the Spire 2\mods\TokenSpire2\TokenSpire2.dll
[16:14:23]    Batch runner: E:\SteamLibrary\steamapps\common\Slay the Spire 2\mods\TokenSpire2\scripts\batch_runner.py
[16:14:23] Initialized population of 10
[16:14:23] 
============================================================
[16:14:23] GENERATION 1
[16:14:23] ============================================================
[16:14:23] Evaluating individual #0 (gen 0)...
[16:14:23]   Run 1/5 (seed=FBEA503BC5A7...)...
[16:17:20]     Warning: no batch_summary.json after run (subprocess may have failed)
[16:17:25]   Run 2/5 (seed=BDEDA2F183B3...)...
[16:20:23]     Warning: no batch_summary.json after run (subprocess may have failed)
[16:20:28]   Run 3/5 (seed=D2AA08B3B7FF...)...
[16:23:27]     Warning: no batch_summary.json after run (subprocess may have failed)
[16:23:32]   Run 4/5 (seed=0DA3B4A8E2B5...)...
[16:26:30]     Warning: no batch_summary.json after run (subprocess may have failed)
[16:26:35]   Run 5/5 (seed=24153CE0AFC8...)...
[16:29:49]     Warning: no batch_summary.json after run (subprocess may have failed)
[16:29:49]   ⚠️  5/5 runs INTERRUPTED:
[16:29:49]        BATCH_RUNNER_FAILED: 5
[16:29:49]   🔴 ALL runs interrupted! Fitness = 0. Check game/mod stability.
[16:29:49]   Score: 0.0% (0/0 valid kills) avg_floor=0.0 stuck=5
[16:29:49] Evaluating individual #1 (gen 0)...
[16:29:49]   Run 1/5 (seed=726E25A55BAD...)...
[16:32:45]     Warning: no batch_summary.json after run (subprocess may have failed)
[16:32:50]   Run 2/5 (seed=EB6CFEEFF2E1...)...
[16:38:37]     Warning: no batch_summary.json after run (subprocess may have failed)
[16:38:42]   Run 3/5 (seed=803D3234F4BD...)...
[16:45:12]     Warning: no batch_summary.json after run (subprocess may have failed)
[16:45:17]   Run 4/5 (seed=C5C1DBCD21DA...)...
[16:50:01]     Warning: no batch_summary.json after run (subprocess may have failed)
[16:50:06]   Run 5/5 (seed=BA5CEFB62544...)...
[17:00:27]     Warning: no batch_summary.json after run (subprocess may have failed)
[17:00:27]   ⚠️  5/5 runs INTERRUPTED:
[17:00:27]        BATCH_RUNNER_FAILED: 5
[17:00:27]   🔴 ALL runs interrupted! Fitness = 0. Check game/mod stability.
[17:00:27]   Score: 0.0% (0/0 valid kills) avg_floor=0.0 stuck=5
[17:00:27] Evaluating individual #2 (gen 0)...
[17:00:27]   Run 1/5 (seed=5E1B51BDA32F...)...
[17:03:25]     Warning: no batch_summary.json after run (subprocess may have failed)
[17:03:30]   Run 2/5 (seed=84EA1369B06A...)...
